19/01/2019 19:19:54	This log contains information about the import schema operation into project 'AdventureWorksDW2014' on computer 'DESKTOP-QE1A3J4' by user 'godfr'.
19/01/2019 19:19:54	Import of database schema has started.
19/01/2019 19:20:00	Gathering database credentials
19/01/2019 19:20:00	Gathering database options
19/01/2019 19:20:00	Gathering generic database scoped configuration option
19/01/2019 19:20:00	Gathering users
19/01/2019 19:20:00	Gathering roles
19/01/2019 19:20:00	Gathering application roles
19/01/2019 19:20:00	Gathering role memberships
19/01/2019 19:20:00	Gathering filegroups
19/01/2019 19:20:00	Gathering full-text catalogs
19/01/2019 19:20:00	Gathering assemblies
19/01/2019 19:20:00	Gathering certificates
19/01/2019 19:20:00	Gathering asymmetric keys
19/01/2019 19:20:00	Gathering symmetric keys
19/01/2019 19:20:00	Gathering encrypted symmetric keys
19/01/2019 19:20:00	Gathering schemas
19/01/2019 19:20:00	Gathering XML schema collections
19/01/2019 19:20:00	Gathering user-defined data types
19/01/2019 19:20:00	Gathering user-defined types
19/01/2019 19:20:00	Gathering table types
19/01/2019 19:20:00	Gathering unique keys for table types
19/01/2019 19:20:00	Gathering primary keys for table types
19/01/2019 19:20:00	Gathering indexes for table types
19/01/2019 19:20:00	Gathering check constraints for table types
19/01/2019 19:20:00	Gathering default constraints for table types
19/01/2019 19:20:00	Gathering partition functions
19/01/2019 19:20:00	Gathering partition schemes
19/01/2019 19:20:01	Gathering functions
19/01/2019 19:20:01	Gathering encrypted functions
19/01/2019 19:20:01	Gathering aggregates
19/01/2019 19:20:01	Gathering procedures
19/01/2019 19:20:01	Gathering encrypted procedures
19/01/2019 19:20:01	Gathering tables
19/01/2019 19:20:01	Gathering primary keys
19/01/2019 19:20:01	Gathering unique constraints
19/01/2019 19:20:01	Gathering foreign keys
19/01/2019 19:20:01	Gathering default constraints
19/01/2019 19:20:01	Gathering check constraints
19/01/2019 19:20:01	Gathering views
19/01/2019 19:20:01	Gathering encrypted views
19/01/2019 19:20:01	Gathering indexes
19/01/2019 19:20:01	Gathering statistics
19/01/2019 19:20:01	Gathering full-text index stoplists
19/01/2019 19:20:01	Gathering search property lists
19/01/2019 19:20:01	Gathering search properties
19/01/2019 19:20:01	Gathering full-text indexes
19/01/2019 19:20:01	Gathering column store indexes
19/01/2019 19:20:01	Gathering spatial indexes
19/01/2019 19:20:01	Gathering XML indexes
19/01/2019 19:20:01	Gathering Selective XML indexes
19/01/2019 19:20:01	Gathering encrypted triggers
19/01/2019 19:20:01	Gathering triggers
19/01/2019 19:20:01	Gathering encrypted and clr ddl triggers
19/01/2019 19:20:01	Gathering ddl triggers
19/01/2019 19:20:01	Gathering synonyms
19/01/2019 19:20:01	Gathering defaults
19/01/2019 19:20:01	Gathering data constraint uddt bindings
19/01/2019 19:20:01	Gathering rules
19/01/2019 19:20:01	Gathering data constraint uddt bindings
19/01/2019 19:20:01	Gathering message types
19/01/2019 19:20:01	Gathering queues
19/01/2019 19:20:01	Gathering contracts
19/01/2019 19:20:01	Gathering services
19/01/2019 19:20:01	Gathering event notifications
19/01/2019 19:20:01	Gathering remote service bindings
19/01/2019 19:20:01	Gathering broker priorities
19/01/2019 19:20:01	Gathering signatures
19/01/2019 19:20:01	Gathering data compression options
19/01/2019 19:20:01	Gathering sequence types
19/01/2019 19:20:01	Gathering security policies
19/01/2019 19:20:01	Gather column encryption keys
19/01/2019 19:20:01	Gathering column master keys
19/01/2019 19:20:01	Gathering external data sources
19/01/2019 19:20:01	Gathering external file formats
19/01/2019 19:20:01	Gathering external tables
19/01/2019 19:20:01	Gathering extended properties
19/01/2019 19:20:01	Gathering credentials
19/01/2019 19:20:01	Gathering logins
19/01/2019 19:20:01	Gathering server audits
19/01/2019 19:20:01	Scanning project for duplicate elements
19/01/2019 19:20:01	Finished duplicate element processing
19/01/2019 19:20:02	Finished importing database.
19/01/2019 19:20:02	A summary of the import was saved to the following location: C:\GIT_Repos\DataBaseProject_AdventureWorksDW2014\AdventureWorksDW2014\AdventureWorksDW2014\Import Schema Logs\AdventureWorksDW2014_20190119071954.log
19/01/2019 19:20:02	Click Finish to continue...
